<?xml version="1.0" encoding="UTF-8"?>
<!-- Generated by org.testng.reporters.JUnitReportReporter -->
<testsuite hostname="DESKTOP-UQJIA5A" failures="0" tests="3" name="organization.Working_with_Org_TC_baseclass" time="64.192" errors="0" timestamp="27 Feb 2025 10:27:32 GMT" skipped="0">
  <testcase classname="organization.Working_with_Org_TC_baseclass" name="organization_01" time="22.966"/>
  <testcase classname="organization.Working_with_Org_TC_baseclass" name="organization_02" time="20.957"/>
  <testcase classname="organization.Working_with_Org_TC_baseclass" name="organization_03" time="20.269"/>
</testsuite> <!-- organization.Working_with_Org_TC_baseclass -->
