<?xml version="1.0" encoding="UTF-8"?>
<!-- Generated by org.testng.reporters.JUnitReportReporter -->
<testsuite hostname="DESKTOP-UQJIA5A" failures="0" tests="3" name="contacts.Working_with_Cnt_TC_baseclassTest" time="42.854" errors="0" timestamp="27 Feb 2025 12:03:42 GMT" skipped="0">
  <testcase classname="contacts.Working_with_Cnt_TC_baseclassTest" name="contacs_02" time="11.018"/>
  <testcase classname="contacts.Working_with_Cnt_TC_baseclassTest" name="Contacts_06" time="19.805"/>
  <testcase classname="contacts.Working_with_Cnt_TC_baseclassTest" name="contacts_01" time="12.031"/>
</testsuite> <!-- contacts.Working_with_Cnt_TC_baseclassTest -->
