<?xml version="1.0" encoding="UTF-8"?>
<!-- Generated by org.testng.reporters.JUnitReportReporter -->
<testsuite hostname="DESKTOP-UQJIA5A" failures="0" tests="3" name="organization.Working_with_Org_TC_baseclassTest" time="66.949" errors="0" timestamp="2025-03-03T16:08:31 IST" skipped="0">
  <testcase classname="organization.Working_with_Org_TC_baseclassTest" name="organization_01" time="22.064"/>
  <system-out/>
  <testcase classname="organization.Working_with_Org_TC_baseclassTest" name="organization_02" time="23.659"/>
  <system-out/>
  <testcase classname="organization.Working_with_Org_TC_baseclassTest" name="organization_03" time="21.226"/>
  <system-out/>
</testsuite> <!-- organization.Working_with_Org_TC_baseclassTest -->
