<?xml version="1.0" encoding="UTF-8"?>
<!-- Generated by org.testng.reporters.JUnitReportReporter -->
<testsuite hostname="DESKTOP-UQJIA5A" failures="0" tests="3" name="contacts.Working_with_Cnt_TC_baseclassTest" time="149.052" errors="0" timestamp="03 Mar 2025 05:04:53 GMT" skipped="0">
  <testcase classname="contacts.Working_with_Cnt_TC_baseclassTest" name="contacs_02" time="19.585"/>
  <testcase classname="contacts.Working_with_Cnt_TC_baseclassTest" name="contacts_01" time="22.679"/>
  <testcase classname="contacts.Working_with_Cnt_TC_baseclassTest" name="Contacts_06" time="106.788"/>
</testsuite> <!-- contacts.Working_with_Cnt_TC_baseclassTest -->
