<?xml version="1.0" encoding="UTF-8"?>
<!-- Generated by org.testng.reporters.JUnitReportReporter -->
<testsuite hostname="DESKTOP-UQJIA5A" failures="0" tests="3" name="contacts.Working_with_Cnt_TC_baseclassTest" time="78.699" errors="0" timestamp="2025-03-04T16:28:43 IST" skipped="0">
  <testcase classname="contacts.Working_with_Cnt_TC_baseclassTest" name="contacs_02" time="20.945"/>
  <system-out/>
  <testcase classname="contacts.Working_with_Cnt_TC_baseclassTest" name="contacts_01" time="19.979"/>
  <system-out/>
  <testcase classname="contacts.Working_with_Cnt_TC_baseclassTest" name="Contacts_06" time="37.775"/>
  <system-out/>
</testsuite> <!-- contacts.Working_with_Cnt_TC_baseclassTest -->
