<?xml version="1.0" encoding="UTF-8"?>
<!-- Generated by org.testng.reporters.JUnitReportReporter -->
<testsuite hostname="DESKTOP-UQJIA5A" failures="0" tests="3" name="contacts.Working_with_Cnt_TC_baseclassTest" time="85.524" errors="0" timestamp="2025-03-03T16:08:31 IST" skipped="0">
  <testcase classname="contacts.Working_with_Cnt_TC_baseclassTest" name="contacts_01" time="25.418"/>
  <system-out/>
  <testcase classname="contacts.Working_with_Cnt_TC_baseclassTest" name="contacs_02" time="21.077"/>
  <system-out/>
  <testcase classname="contacts.Working_with_Cnt_TC_baseclassTest" name="Contacts_06" time="39.029"/>
  <system-out/>
</testsuite> <!-- contacts.Working_with_Cnt_TC_baseclassTest -->
