<?xml version="1.0" encoding="UTF-8"?>
<!-- Generated by org.testng.reporters.JUnitReportReporter -->
<testsuite hostname="DESKTOP-UQJIA5A" failures="0" tests="3" name="organization.Working_with_Org_TC_baseclassTest" time="56.522" errors="0" timestamp="2025-03-04T17:42:30 IST" skipped="0">
  <testcase classname="organization.Working_with_Org_TC_baseclassTest" name="organization_03" time="17.797"/>
  <system-out/>
  <testcase classname="organization.Working_with_Org_TC_baseclassTest" name="organization_02" time="20.563"/>
  <system-out/>
  <testcase classname="organization.Working_with_Org_TC_baseclassTest" name="organization_01" time="18.162"/>
  <system-out/>
</testsuite> <!-- organization.Working_with_Org_TC_baseclassTest -->
