<?xml version="1.0" encoding="UTF-8"?>
<!-- Generated by org.testng.reporters.JUnitReportReporter -->
<testsuite hostname="DESKTOP-UQJIA5A" failures="0" tests="1" name="contacts.Working_with_Cnt_TC_baseclass" time="89.936" errors="0" timestamp="27 Feb 2025 09:15:43 GMT" skipped="0">
  <testcase classname="contacts.Working_with_Cnt_TC_baseclass" name="contacts_01" time="89.936"/>
</testsuite> <!-- contacts.Working_with_Cnt_TC_baseclass -->
