<?xml version="1.0" encoding="UTF-8"?>
<!-- Generated by org.testng.reporters.JUnitReportReporter -->
<testsuite hostname="DESKTOP-UQJIA5A" failures="0" tests="3" name="organization.Working_with_Org_TC_baseclassTest" time="36.353" errors="0" timestamp="27 Feb 2025 12:03:42 GMT" skipped="0">
  <testcase classname="organization.Working_with_Org_TC_baseclassTest" name="organization_02" time="11.867"/>
  <testcase classname="organization.Working_with_Org_TC_baseclassTest" name="organization_01" time="13.175"/>
  <testcase classname="organization.Working_with_Org_TC_baseclassTest" name="organization_03" time="11.311"/>
</testsuite> <!-- organization.Working_with_Org_TC_baseclassTest -->
