<?xml version="1.0" encoding="UTF-8"?>
<!-- Generated by org.testng.reporters.JUnitReportReporter -->
<testsuite hostname="DESKTOP-UQJIA5A" failures="0" tests="3" name="contacts.Working_with_Cnt_TC_baseclassTest" time="65.860" errors="0" timestamp="2025-03-04T17:42:30 IST" skipped="0">
  <testcase classname="contacts.Working_with_Cnt_TC_baseclassTest" name="Contacts_06" time="31.385"/>
  <system-out/>
  <testcase classname="contacts.Working_with_Cnt_TC_baseclassTest" name="contacs_02" time="20.451"/>
  <system-out/>
  <testcase classname="contacts.Working_with_Cnt_TC_baseclassTest" name="contacts_01" time="14.024"/>
  <system-out/>
</testsuite> <!-- contacts.Working_with_Cnt_TC_baseclassTest -->
