<?xml version="1.0" encoding="UTF-8"?>
<!-- Generated by org.testng.reporters.JUnitReportReporter -->
<testsuite hostname="DESKTOP-UQJIA5A" failures="0" tests="1" name="com.comcast.crm.contacttest.Working_with_Cnt_TC06" time="35.521" errors="0" timestamp="2025-02-07T18:01:02 IST" skipped="0">
  <testcase classname="com.comcast.crm.contacttest.Working_with_Cnt_TC06" name="Contacts_06" time="35.521"/>
  <system-out/>
</testsuite> <!-- com.comcast.crm.contacttest.Working_with_Cnt_TC06 -->
