<?xml version="1.0" encoding="UTF-8"?>
<!-- Generated by org.testng.reporters.JUnitReportReporter -->
<testsuite hostname="DESKTOP-UQJIA5A" failures="0" tests="2" name="com.comcast.crm.Conttest.Create_conttest" time="0.033" errors="0" timestamp="2025-02-15T12:42:16 IST" skipped="0">
  <testcase classname="com.comcast.crm.Conttest.Create_conttest" name="createcontact" time="0.016"/>
  <system-out/>
  <testcase classname="com.comcast.crm.Conttest.Create_conttest" name="createcontactwithdate" time="0.017"/>
  <system-out/>
</testsuite> <!-- com.comcast.crm.Conttest.Create_conttest -->
