<?xml version="1.0" encoding="UTF-8"?>
<!-- Generated by org.testng.reporters.JUnitReportReporter -->
<testsuite hostname="DESKTOP-UQJIA5A" failures="0" tests="3" name="com.comcast.crm.Organization_Conatacts_test.CreateContactTest" time="59.683" errors="0" timestamp="2025-02-20T17:14:28 IST" skipped="0">
  <testcase classname="com.comcast.crm.Organization_Conatacts_test.CreateContactTest" name="contacs_02" time="15.228"/>
  <system-out/>
  <testcase classname="com.comcast.crm.Organization_Conatacts_test.CreateContactTest" name="contacts_01" time="13.669"/>
  <system-out/>
  <testcase classname="com.comcast.crm.Organization_Conatacts_test.CreateContactTest" name="Contacts_06" time="30.786"/>
  <system-out/>
</testsuite> <!-- com.comcast.crm.Organization_Conatacts_test.CreateContactTest -->
