<?xml version="1.0" encoding="UTF-8"?>
<!-- Generated by org.testng.reporters.JUnitReportReporter -->
<testsuite hostname="DESKTOP-UQJIA5A" failures="0" tests="1" name="miscellaneous_tasks.Webtable_vtiger" time="7.047" errors="0" timestamp="2025-02-17T18:18:17 IST" skipped="0">
  <testcase classname="miscellaneous_tasks.Webtable_vtiger" name="webtable" time="7.047"/>
  <system-out/>
</testsuite> <!-- miscellaneous_tasks.Webtable_vtiger -->
