<?xml version="1.0" encoding="UTF-8"?>
<!-- Generated by org.testng.reporters.JUnitReportReporter -->
<testsuite hostname="DESKTOP-UQJIA5A" failures="0" tests="1" name="practice.testng.SampleTestNG" time="5.818" errors="0" timestamp="2025-02-19T15:51:55 IST" skipped="0">
  <testcase classname="practice.testng.SampleTestNG" name="screenshot" time="5.818"/>
  <system-out/>
</testsuite> <!-- practice.testng.SampleTestNG -->
