<?xml version="1.0" encoding="UTF-8"?>
<!-- Generated by org.testng.reporters.JUnitReportReporter -->
<testsuite hostname="DESKTOP-UQJIA5A" failures="0" tests="1" name="com.comcast.crm.contacttest.Working_with_Cnt_TC04" time="20.514" errors="0" timestamp="2025-02-07T18:06:59 IST" skipped="0">
  <testcase classname="com.comcast.crm.contacttest.Working_with_Cnt_TC04" name="contacts_01" time="20.514"/>
  <system-out/>
</testsuite> <!-- com.comcast.crm.contacttest.Working_with_Cnt_TC04 -->
