<?xml version="1.0" encoding="UTF-8"?>
<!-- Generated by org.testng.reporters.JUnitReportReporter -->
<testsuite hostname="DESKTOP-UQJIA5A" failures="0" tests="1" name="com.comcast.crm.Organizationtest.CreateOrganizationTest" time="33.699" errors="0" timestamp="2025-02-18T15:20:13 IST" skipped="0">
  <testcase classname="com.comcast.crm.Organizationtest.CreateOrganizationTest" name="org_01" time="33.699"/>
  <system-out/>
</testsuite> <!-- com.comcast.crm.Organizationtest.CreateOrganizationTest -->
