<?xml version="1.0" encoding="UTF-8"?>
<!-- Generated by org.testng.reporters.JUnitReportReporter -->
<testsuite hostname="DESKTOP-UQJIA5A" failures="0" tests="1" name="miscellaneous_tasks.Redbus_calendar" time="14.683" errors="0" timestamp="2025-02-17T15:29:47 IST" skipped="0">
  <testcase classname="miscellaneous_tasks.Redbus_calendar" name="airindia" time="14.683"/>
  <system-out/>
</testsuite> <!-- miscellaneous_tasks.Redbus_calendar -->
