<?xml version="1.0" encoding="UTF-8"?>
<!-- Generated by org.testng.reporters.JUnitReportReporter -->
<testsuite hostname="DESKTOP-UQJIA5A" failures="0" tests="3" name="dataProvider.Getproductinfo_Test" time="35.183" errors="0" timestamp="2025-02-23T23:30:41 IST" skipped="0">
  <testcase classname="dataProvider.Getproductinfo_Test" name="getProductinfoTest" time="10.099"/>
  <system-out/>
  <testcase classname="dataProvider.Getproductinfo_Test" name="getProductinfoTest" time="13.443"/>
  <system-out/>
  <testcase classname="dataProvider.Getproductinfo_Test" name="getProductinfoTest" time="11.641"/>
  <system-out/>
</testsuite> <!-- dataProvider.Getproductinfo_Test -->
