<?xml version="1.0" encoding="UTF-8"?>
<!-- Generated by org.testng.reporters.JUnitReportReporter -->
<testsuite hostname="DESKTOP-UQJIA5A" failures="0" tests="1" name="miscellaneous_tasks.Broken_links" time="143.099" errors="0" timestamp="2025-02-17T17:24:55 IST" skipped="0">
  <testcase classname="miscellaneous_tasks.Broken_links" name="broken_link" time="143.099"/>
  <system-out/>
</testsuite> <!-- miscellaneous_tasks.Broken_links -->
