<?xml version="1.0" encoding="UTF-8"?>
<!-- Generated by org.testng.reporters.JUnitReportReporter -->
<testsuite hostname="DESKTOP-UQJIA5A" failures="0" tests="1" name="com.comcast.crm.orgtest.Working_with_Org_TC03" time="9.396" errors="0" timestamp="2025-02-05T17:02:08 IST" skipped="0">
  <testcase classname="com.comcast.crm.orgtest.Working_with_Org_TC03" name="Organization_03" time="9.396"/>
  <system-out/>
</testsuite> <!-- com.comcast.crm.orgtest.Working_with_Org_TC03 -->
