<?xml version="1.0" encoding="UTF-8"?>
<!-- Generated by org.testng.reporters.JUnitReportReporter -->
<testsuite hostname="DESKTOP-UQJIA5A" failures="0" tests="6" name="com.comcast.crm.orgtest.Working_with_Org_TC_baseclass" time="153.311" errors="0" timestamp="2025-02-21T12:56:29 IST" skipped="0">
  <testcase classname="com.comcast.crm.orgtest.Working_with_Org_TC_baseclass" name="organization_02" time="25.141"/>
  <system-out/>
  <testcase classname="com.comcast.crm.orgtest.Working_with_Org_TC_baseclass" name="organization_02" time="26.517"/>
  <system-out/>
  <testcase classname="com.comcast.crm.orgtest.Working_with_Org_TC_baseclass" name="organization_01" time="23.182"/>
  <system-out/>
  <testcase classname="com.comcast.crm.orgtest.Working_with_Org_TC_baseclass" name="organization_03" time="24.234"/>
  <system-out/>
  <testcase classname="com.comcast.crm.orgtest.Working_with_Org_TC_baseclass" name="organization_01" time="26.513"/>
  <system-out/>
  <testcase classname="com.comcast.crm.orgtest.Working_with_Org_TC_baseclass" name="organization_03" time="27.724"/>
  <system-out/>
</testsuite> <!-- com.comcast.crm.orgtest.Working_with_Org_TC_baseclass -->
