<?xml version="1.0" encoding="UTF-8"?>
<!-- Generated by org.testng.reporters.JUnitReportReporter -->
<testsuite hostname="DESKTOP-UQJIA5A" failures="0" tests="6" name="com.comcast.crm.contacttest.Working_with_Cnt_TC_baseclass" time="180.826" errors="0" timestamp="2025-02-21T12:56:29 IST" skipped="0">
  <testcase classname="com.comcast.crm.contacttest.Working_with_Cnt_TC_baseclass" name="contacts_01" time="24.933"/>
  <system-out/>
  <testcase classname="com.comcast.crm.contacttest.Working_with_Cnt_TC_baseclass" name="contacs_02" time="22.651"/>
  <system-out/>
  <testcase classname="com.comcast.crm.contacttest.Working_with_Cnt_TC_baseclass" name="Contacts_06" time="43.221"/>
  <system-out/>
  <testcase classname="com.comcast.crm.contacttest.Working_with_Cnt_TC_baseclass" name="Contacts_06" time="45.800"/>
  <system-out/>
  <testcase classname="com.comcast.crm.contacttest.Working_with_Cnt_TC_baseclass" name="contacts_01" time="22.336"/>
  <system-out/>
  <testcase classname="com.comcast.crm.contacttest.Working_with_Cnt_TC_baseclass" name="contacs_02" time="21.885"/>
  <system-out/>
</testsuite> <!-- com.comcast.crm.contacttest.Working_with_Cnt_TC_baseclass -->
