<?xml version="1.0" encoding="UTF-8"?>
<!-- Generated by org.testng.reporters.JUnitReportReporter -->
<testsuite hostname="DESKTOP-UQJIA5A" failures="0" tests="2" name="com.comcast.crm.Orggtest.Create_orgtest" time="0.015" errors="0" timestamp="2025-02-15T12:42:16 IST" skipped="0">
  <testcase classname="com.comcast.crm.Orggtest.Create_orgtest" name="createorg" time="0.007"/>
  <system-out/>
  <testcase classname="com.comcast.crm.Orggtest.Create_orgtest" name="createorgwithindustry" time="0.008"/>
  <system-out/>
</testsuite> <!-- com.comcast.crm.Orggtest.Create_orgtest -->
