<?xml version="1.0" encoding="UTF-8"?>
<!-- Generated by org.testng.reporters.JUnitReportReporter -->
<testsuite hostname="DESKTOP-UQJIA5A" failures="0" tests="3" name="com.comcast.crm.orgtest.Working_with_Org_TC01" time="95.128" errors="0" timestamp="2025-02-18T18:31:25 IST" skipped="0">
  <testcase classname="com.comcast.crm.orgtest.Working_with_Org_TC01" name="organization_01" time="31.946"/>
  <system-out/>
  <testcase classname="com.comcast.crm.orgtest.Working_with_Org_TC01" name="organization_01" time="32.026"/>
  <system-out/>
  <testcase classname="com.comcast.crm.orgtest.Working_with_Org_TC01" name="organization_01" time="31.156"/>
  <system-out/>
</testsuite> <!-- com.comcast.crm.orgtest.Working_with_Org_TC01 -->
