<?xml version="1.0" encoding="UTF-8"?>
<!-- Generated by org.testng.reporters.JUnitReportReporter -->
<testsuite hostname="DESKTOP-UQJIA5A" failures="0" tests="1" name="com.comcast.crm.contacttest.Working_with_Cnt_TC05" time="21.403" errors="0" timestamp="2025-02-07T17:57:31 IST" skipped="0">
  <testcase classname="com.comcast.crm.contacttest.Working_with_Cnt_TC05" name="contacs_02" time="21.403"/>
  <system-out/>
</testsuite> <!-- com.comcast.crm.contacttest.Working_with_Cnt_TC05 -->
